<?xml version='1.0' encoding='UTF-8'?>
<testsuite hostname="Toshiba" name="forcomp.AnagramsSuite" tests="11" errors="0" failures="0" time="5.352">
                     <properties>
[...]
</properties>
                     <testcase classname="forcomp.AnagramsSuite" name="wordOccurrences: abcd" time="0.508">
                                                 
                                               </testcase><testcase classname="forcomp.AnagramsSuite" name="wordOccurrences: Robert" time="0.006">
                                                 
                                               </testcase><testcase classname="forcomp.AnagramsSuite" name="sentenceOccurrences: abcd e" time="0.005">
                                                 
                                               </testcase><testcase classname="forcomp.AnagramsSuite" name="get: eat" time="4.303">
                                                 
                                               </testcase><testcase classname="forcomp.AnagramsSuite" name="word anagrams: married" time="0.005">
                                                 
                                               </testcase><testcase classname="forcomp.AnagramsSuite" name="word anagrams: player" time="0.007">
                                                 
                                               </testcase><testcase classname="forcomp.AnagramsSuite" name="subtract: lard - r" time="0.005">
                                                 
                                               </testcase><testcase classname="forcomp.AnagramsSuite" name="combinations: []" time="0.0">
                                                 
                                               </testcase><testcase classname="forcomp.AnagramsSuite" name="combinations: abba" time="0.032">
                                                 
                                               </testcase><testcase classname="forcomp.AnagramsSuite" name="sentence anagrams: []" time="0.0">
                                                 
                                               </testcase><testcase classname="forcomp.AnagramsSuite" name="sentence anagrams: Linux rulez" time="0.481">
                                                 
                                               </testcase>
                     <system-out></system-out>
                     <system-err></system-err>
                   </testsuite>